# JRE version: Java(TM) SE Runtime Environment (8.0_25-b17) (build 1.8.0_25-b17)
# Java VM: Java HotSpot(TM) 64-Bit Server VM (25.25-b02 mixed mode bsd-amd64 compressed oops)
Heap:
 PSYoungGen      total 38400K, used 19051K [0x0000000795580000, 0x0000000799c00000, 0x00000007c0000000)
  eden space 33280K, 57% used [0x0000000795580000,0x000000079681ae78,0x0000000797600000)
  from space 5120K, 0% used [0x0000000797600000,0x0000000797600000,0x0000000797b00000)
  to   space 5120K, 0% used [0x0000000799700000,0x0000000799700000,0x0000000799c00000)
 ParOldGen       total 46080K, used 8841K [0x0000000740000000, 0x0000000742d00000, 0x0000000795580000)
  object space 46080K, 19% used [0x0000000740000000,0x00000007408a2578,0x0000000742d00000)
 Metaspace       used 20593K, capacity 21606K, committed 21884K, reserved 1069056K
  class space    used 2860K, capacity 3058K, committed 3072K, reserved 1048576K
GC Heap History (8 events):
Event: 1.952 GC heap before
{Heap before GC invocations=1 (full 0):
 PSYoungGen      total 38400K, used 33268K [0x0000000795580000, 0x0000000798000000, 0x00000007c0000000)
  eden space 33280K, 99% used [0x0000000795580000,0x00000007975fd0d0,0x0000000797600000)
  from space 5120K, 0% used [0x0000000797b00000,0x0000000797b00000,0x0000000798000000)
  to   space 5120K, 0% used [0x0000000797600000,0x0000000797600000,0x0000000797b00000)
 ParOldGen       total 87552K, used 0K [0x0000000740000000, 0x0000000745580000, 0x0000000795580000)
  object space 87552K, 0% used [0x0000000740000000,0x0000000740000000,0x0000000745580000)
 Metaspace       used 12587K, capacity 13032K, committed 13312K, reserved 1060864K
  class space    used 1653K, capacity 1771K, committed 1792K, reserved 1048576K
Event: 1.973 GC heap after
Heap after GC invocations=1 (full 0):
 PSYoungGen      total 38400K, used 5104K [0x0000000795580000, 0x000000079a080000, 0x00000007c0000000)
  eden space 33280K, 0% used [0x0000000795580000,0x0000000795580000,0x0000000797600000)
  from space 5120K, 99% used [0x0000000797600000,0x0000000797afc100,0x0000000797b00000)
  to   space 5120K, 0% used [0x0000000799b80000,0x0000000799b80000,0x000000079a080000)
 ParOldGen       total 87552K, used 1786K [0x0000000740000000, 0x0000000745580000, 0x0000000795580000)
  object space 87552K, 2% used [0x0000000740000000,0x00000007401be910,0x0000000745580000)
 Metaspace       used 12587K, capacity 13032K, committed 13312K, reserved 1060864K
  class space    used 1653K, capacity 1771K, committed 1792K, reserved 1048576K
}
Event: 12.776 GC heap before
{Heap before GC invocations=2 (full 0):
 PSYoungGen      total 38400K, used 34109K [0x0000000795580000, 0x000000079a080000, 0x00000007c0000000)
  eden space 33280K, 87% used [0x0000000795580000,0x00000007971d3578,0x0000000797600000)
  from space 5120K, 99% used [0x0000000797600000,0x0000000797afc100,0x0000000797b00000)
  to   space 5120K, 0% used [0x0000000799b80000,0x0000000799b80000,0x000000079a080000)
 ParOldGen       total 87552K, used 1786K [0x0000000740000000, 0x0000000745580000, 0x0000000795580000)
  object space 87552K, 2% used [0x0000000740000000,0x00000007401be910,0x0000000745580000)
 Metaspace       used 20185K, capacity 21244K, committed 21504K, reserved 1067008K
  class space    used 2853K, capacity 3051K, committed 3072K, reserved 1048576K
Event: 12.791 GC heap after
Heap after GC invocations=2 (full 0):
 PSYoungGen      total 38400K, used 5096K [0x0000000795580000, 0x000000079a080000, 0x00000007c0000000)
  eden space 33280K, 0% used [0x0000000795580000,0x0000000795580000,0x0000000797600000)
  from space 5120K, 99% used [0x0000000799b80000,0x000000079a07a030,0x000000079a080000)
  to   space 5120K, 0% used [0x0000000797600000,0x0000000797600000,0x0000000797b00000)
 ParOldGen       total 87552K, used 4974K [0x0000000740000000, 0x0000000745580000, 0x0000000795580000)
  object space 87552K, 5% used [0x0000000740000000,0x00000007404dbad0,0x0000000745580000)
 Metaspace       used 20185K, capacity 21244K, committed 21504K, reserved 1067008K
  class space    used 2853K, capacity 3051K, committed 3072K, reserved 1048576K
}
Event: 22.068 GC heap before
{Heap before GC invocations=3 (full 0):
 PSYoungGen      total 38400K, used 13156K [0x0000000795580000, 0x000000079a080000, 0x00000007c0000000)
  eden space 33280K, 24% used [0x0000000795580000,0x0000000795d5f1e8,0x0000000797600000)
  from space 5120K, 99% used [0x0000000799b80000,0x000000079a07a030,0x000000079a080000)
  to   space 5120K, 0% used [0x0000000797600000,0x0000000797600000,0x0000000797b00000)
 ParOldGen       total 87552K, used 4974K [0x0000000740000000, 0x0000000745580000, 0x0000000795580000)
  object space 87552K, 5% used [0x0000000740000000,0x00000007404dbad0,0x0000000745580000)
 Metaspace       used 20536K, capacity 21508K, committed 21628K, reserved 1069056K
  class space    used 2854K, capacity 3051K, committed 3072K, reserved 1048576K
Event: 22.079 GC heap after
Heap after GC invocations=3 (full 0):
 PSYoungGen      total 38400K, used 5096K [0x0000000795580000, 0x0000000799c00000, 0x00000007c0000000)
  eden space 33280K, 0% used [0x0000000795580000,0x0000000795580000,0x0000000797600000)
  from space 5120K, 99% used [0x0000000797600000,0x0000000797afa020,0x0000000797b00000)
  to   space 5120K, 0% used [0x0000000799700000,0x0000000799700000,0x0000000799c00000)
 ParOldGen       total 87552K, used 5438K [0x0000000740000000, 0x0000000745580000, 0x0000000795580000)
  object space 87552K, 6% used [0x0000000740000000,0x000000074054fae0,0x0000000745580000)
 Metaspace       used 20536K, capacity 21508K, committed 21628K, reserved 1069056K
  class space    used 2854K, capacity 3051K, committed 3072K, reserved 1048576K
}
Event: 22.079 GC heap before
{Heap before GC invocations=4 (full 1):
 PSYoungGen      total 38400K, used 5096K [0x0000000795580000, 0x0000000799c00000, 0x00000007c0000000)
  eden space 33280K, 0% used [0x0000000795580000,0x0000000795580000,0x0000000797600000)
  from space 5120K, 99% used [0x0000000797600000,0x0000000797afa020,0x0000000797b00000)
  to   space 5120K, 0% used [0x0000000799700000,0x0000000799700000,0x0000000799c00000)
 ParOldGen       total 87552K, used 5438K [0x0000000740000000, 0x0000000745580000, 0x0000000795580000)
  object space 87552K, 6% used [0x0000000740000000,0x000000074054fae0,0x0000000745580000)
 Metaspace       used 20536K, capacity 21508K, committed 21628K, reserved 1069056K
  class space    used 2854K, capacity 3051K, committed 3072K, reserved 1048576K
Event: 22.136 GC heap after
Heap after GC invocations=4 (full 1):
 PSYoungGen      total 38400K, used 0K [0x0000000795580000, 0x0000000799c00000, 0x00000007c0000000)
  eden space 33280K, 0% used [0x0000000795580000,0x0000000795580000,0x0000000797600000)
  from space 5120K, 0% used [0x0000000797600000,0x0000000797600000,0x0000000797b00000)
  to   space 5120K, 0% used [0x0000000799700000,0x0000000799700000,0x0000000799c00000)
 ParOldGen       total 46080K, used 8841K [0x0000000740000000, 0x0000000742d00000, 0x0000000795580000)
  object space 46080K, 19% used [0x0000000740000000,0x00000007408a2578,0x0000000742d00000)
 Metaspace       used 20534K, capacity 21506K, committed 21628K, reserved 1069056K
  class space    used 2853K, capacity 3050K, committed 3072K, reserved 1048576K
}

